# JRE version: OpenJDK Runtime Environment Temurin-17.0.10+7 (17.0.10+7) (build 17.0.10+7)
# Java VM: OpenJDK 64-Bit Server VM Temurin-17.0.10+7 (17.0.10+7, mixed mode, tiered, compressed oops, compressed class ptrs, g1 gc, windows-amd64)
GC Precious Log:
 CPUs: 4 total, 4 available
 Memory: 3790M
 Large Page Support: Disabled
 NUMA Support: Disabled
 Compressed Oops: Enabled (32-bit)
 Heap Region Size: 1M
 Heap Min Capacity: 8M
 Heap Initial Capacity: 60M
 Heap Max Capacity: 948M
 Pre-touch: Disabled
 Parallel Workers: 4
 Concurrent Workers: 1
 Concurrent Refinement Workers: 4
 Periodic GC: Disabled
Heap:
 garbage-first heap   total 61440K, used 9189K [0x00000000c4c00000, 0x0000000100000000)
  region size 1024K, 7 young (7168K), 3 survivors (3072K)
 Metaspace       used 20160K, committed 20352K, reserved 1114112K
  class space    used 2191K, committed 2304K, reserved 1048576K
GC Heap History (6 events):
Event: 4.392 GC heap before
{Heap before GC invocations=0 (full 0):
 garbage-first heap   total 61440K, used 13312K [0x00000000c4c00000, 0x0000000100000000)
  region size 1024K, 13 young (13312K), 0 survivors (0K)
 Metaspace       used 11431K, committed 11520K, reserved 1114112K
  class space    used 1053K, committed 1088K, reserved 1048576K
}
Event: 4.398 GC heap after
{Heap after GC invocations=1 (full 0):
 garbage-first heap   total 61440K, used 3280K [0x00000000c4c00000, 0x0000000100000000)
  region size 1024K, 2 young (2048K), 2 survivors (2048K)
 Metaspace       used 11431K, committed 11520K, reserved 1114112K
  class space    used 1053K, committed 1088K, reserved 1048576K
}
Event: 4.616 GC heap before
{Heap before GC invocations=1 (full 0):
 garbage-first heap   total 61440K, used 17616K [0x00000000c4c00000, 0x0000000100000000)
  region size 1024K, 16 young (16384K), 2 survivors (2048K)
 Metaspace       used 13865K, committed 14016K, reserved 1114112K
  class space    used 1401K, committed 1472K, reserved 1048576K
}
Event: 4.620 GC heap after
{Heap after GC invocations=2 (full 0):
 garbage-first heap   total 61440K, used 3943K [0x00000000c4c00000, 0x0000000100000000)
  region size 1024K, 1 young (1024K), 1 survivors (1024K)
 Metaspace       used 13865K, committed 14016K, reserved 1114112K
  class space    used 1401K, committed 1472K, reserved 1048576K
}
Event: 5.539 GC heap before
{Heap before GC invocations=2 (full 0):
 garbage-first heap   total 61440K, used 39783K [0x00000000c4c00000, 0x0000000100000000)
  region size 1024K, 36 young (36864K), 1 survivors (1024K)
 Metaspace       used 19583K, committed 19776K, reserved 1114112K
  class space    used 2111K, committed 2240K, reserved 1048576K
}
Event: 5.545 GC heap after
{Heap after GC invocations=3 (full 0):
 garbage-first heap   total 61440K, used 6117K [0x00000000c4c00000, 0x0000000100000000)
  region size 1024K, 3 young (3072K), 3 survivors (3072K)
 Metaspace       used 19583K, committed 19776K, reserved 1114112K
  class space    used 2111K, committed 2240K, reserved 1048576K
}

