# JRE version: OpenJDK Runtime Environment Temurin-17.0.10+7 (17.0.10+7) (build 17.0.10+7)
# Java VM: OpenJDK 64-Bit Server VM Temurin-17.0.10+7 (17.0.10+7, mixed mode, tiered, compressed oops, compressed class ptrs, g1 gc, windows-amd64)
GC Precious Log:
 CPUs: 4 total, 4 available
 Memory: 3790M
 Large Page Support: Disabled
 NUMA Support: Disabled
 Compressed Oops: Enabled (32-bit)
 Heap Region Size: 1M
 Heap Min Capacity: 8M
 Heap Initial Capacity: 60M
 Heap Max Capacity: 948M
 Pre-touch: Disabled
 Parallel Workers: 4
 Concurrent Workers: 1
 Concurrent Refinement Workers: 4
 Periodic GC: Disabled
Heap:
 garbage-first heap   total 38912K, used 14865K [0x00000000c4c00000, 0x0000000100000000)
  region size 1024K, 2 young (2048K), 2 survivors (2048K)
 Metaspace       used 31364K, committed 31744K, reserved 1114112K
  class space    used 3584K, committed 3776K, reserved 1048576K
GC Heap History (17 events):
Event: 1.800 GC heap before
{Heap before GC invocations=0 (full 0):
 garbage-first heap   total 61440K, used 14336K [0x00000000c4c00000, 0x0000000100000000)
  region size 1024K, 13 young (13312K), 0 survivors (0K)
 Metaspace       used 10644K, committed 10752K, reserved 1114112K
  class space    used 983K, committed 1024K, reserved 1048576K
}
Event: 1.804 GC heap after
{Heap after GC invocations=1 (full 0):
 garbage-first heap   total 61440K, used 6018K [0x00000000c4c00000, 0x0000000100000000)
  region size 1024K, 2 young (2048K), 2 survivors (2048K)
 Metaspace       used 10644K, committed 10752K, reserved 1114112K
  class space    used 983K, committed 1024K, reserved 1048576K
}
Event: 2.437 GC heap before
{Heap before GC invocations=1 (full 0):
 garbage-first heap   total 61440K, used 19330K [0x00000000c4c00000, 0x0000000100000000)
  region size 1024K, 15 young (15360K), 2 survivors (2048K)
 Metaspace       used 14970K, committed 15232K, reserved 1114112K
  class space    used 1538K, committed 1664K, reserved 1048576K
}
Event: 2.443 GC heap after
{Heap after GC invocations=2 (full 0):
 garbage-first heap   total 61440K, used 7216K [0x00000000c4c00000, 0x0000000100000000)
  region size 1024K, 2 young (2048K), 2 survivors (2048K)
 Metaspace       used 14970K, committed 15232K, reserved 1114112K
  class space    used 1538K, committed 1664K, reserved 1048576K
}
Event: 2.834 GC heap before
{Heap before GC invocations=2 (full 0):
 garbage-first heap   total 61440K, used 26672K [0x00000000c4c00000, 0x0000000100000000)
  region size 1024K, 23 young (23552K), 2 survivors (2048K)
 Metaspace       used 21302K, committed 21504K, reserved 1114112K
  class space    used 2258K, committed 2368K, reserved 1048576K
}
Event: 2.839 GC heap after
{Heap after GC invocations=3 (full 0):
 garbage-first heap   total 61440K, used 9005K [0x00000000c4c00000, 0x0000000100000000)
  region size 1024K, 3 young (3072K), 3 survivors (3072K)
 Metaspace       used 21302K, committed 21504K, reserved 1114112K
  class space    used 2258K, committed 2368K, reserved 1048576K
}
Event: 3.626 GC heap before
{Heap before GC invocations=4 (full 0):
 garbage-first heap   total 34816K, used 24365K [0x00000000c4c00000, 0x0000000100000000)
  region size 1024K, 20 young (20480K), 3 survivors (3072K)
 Metaspace       used 25236K, committed 25472K, reserved 1114112K
  class space    used 2799K, committed 2880K, reserved 1048576K
}
Event: 3.632 GC heap after
{Heap after GC invocations=5 (full 0):
 garbage-first heap   total 34816K, used 10888K [0x00000000c4c00000, 0x0000000100000000)
  region size 1024K, 2 young (2048K), 2 survivors (2048K)
 Metaspace       used 25236K, committed 25472K, reserved 1114112K
  class space    used 2799K, committed 2880K, reserved 1048576K
}
Event: 3.647 GC heap before
{Heap before GC invocations=5 (full 0):
 garbage-first heap   total 34816K, used 10888K [0x00000000c4c00000, 0x0000000100000000)
  region size 1024K, 3 young (3072K), 2 survivors (2048K)
 Metaspace       used 25370K, committed 25664K, reserved 1114112K
  class space    used 2819K, committed 2944K, reserved 1048576K
}
Event: 3.650 GC heap after
{Heap after GC invocations=6 (full 0):
 garbage-first heap   total 34816K, used 11268K [0x00000000c4c00000, 0x0000000100000000)
  region size 1024K, 1 young (1024K), 1 survivors (1024K)
 Metaspace       used 25370K, committed 25664K, reserved 1114112K
  class space    used 2819K, committed 2944K, reserved 1048576K
}
Event: 3.842 GC heap before
{Heap before GC invocations=6 (full 0):
 garbage-first heap   total 34816K, used 21508K [0x00000000c4c00000, 0x0000000100000000)
  region size 1024K, 11 young (11264K), 1 survivors (1024K)
 Metaspace       used 26629K, committed 26944K, reserved 1114112K
  class space    used 2947K, committed 3072K, reserved 1048576K
}
Event: 3.844 GC heap after
{Heap after GC invocations=7 (full 0):
 garbage-first heap   total 34816K, used 12086K [0x00000000c4c00000, 0x0000000100000000)
  region size 1024K, 2 young (2048K), 2 survivors (2048K)
 Metaspace       used 26629K, committed 26944K, reserved 1114112K
  class space    used 2947K, committed 3072K, reserved 1048576K
}
Event: 4.034 GC heap before
{Heap before GC invocations=7 (full 0):
 garbage-first heap   total 34816K, used 22326K [0x00000000c4c00000, 0x0000000100000000)
  region size 1024K, 12 young (12288K), 2 survivors (2048K)
 Metaspace       used 27733K, committed 28032K, reserved 1114112K
  class space    used 3083K, committed 3200K, reserved 1048576K
}
Event: 4.037 GC heap after
{Heap after GC invocations=8 (full 0):
 garbage-first heap   total 34816K, used 12944K [0x00000000c4c00000, 0x0000000100000000)
  region size 1024K, 1 young (1024K), 1 survivors (1024K)
 Metaspace       used 27733K, committed 28032K, reserved 1114112K
  class space    used 3083K, committed 3200K, reserved 1048576K
}
Event: 4.309 GC heap before
{Heap before GC invocations=8 (full 0):
 garbage-first heap   total 34816K, used 23184K [0x00000000c4c00000, 0x0000000100000000)
  region size 1024K, 12 young (12288K), 1 survivors (1024K)
 Metaspace       used 29590K, committed 29824K, reserved 1114112K
  class space    used 3337K, committed 3456K, reserved 1048576K
}
Event: 4.312 GC heap after
{Heap after GC invocations=9 (full 0):
 garbage-first heap   total 34816K, used 13644K [0x00000000c4c00000, 0x0000000100000000)
  region size 1024K, 2 young (2048K), 2 survivors (2048K)
 Metaspace       used 29590K, committed 29824K, reserved 1114112K
  class space    used 3337K, committed 3456K, reserved 1048576K
}
Event: 4.604 GC heap before
{Heap before GC invocations=9 (full 0):
 garbage-first heap   total 34816K, used 23884K [0x00000000c4c00000, 0x0000000100000000)
  region size 1024K, 13 young (13312K), 2 survivors (2048K)
 Metaspace       used 31364K, committed 31744K, reserved 1114112K
  class space    used 3584K, committed 3776K, reserved 1048576K
}

